  [1m[35m (1397.9ms)[0m  [1m[35mCREATE DATABASE "cat_99_development" ENCODING = 'unicode'[0m
  ↳ bin/rails:9
  [1m[35m (1491.1ms)[0m  [1m[35mCREATE DATABASE "cat_99_test" ENCODING = 'unicode'[0m
  ↳ bin/rails:9
  [1m[35m (16.5ms)[0m  [1m[35mCREATE TABLE "schema_migrations" ("version" character varying NOT NULL PRIMARY KEY)[0m
  ↳ bin/rails:9
  [1m[35m (16.2ms)[0m  [1m[35mCREATE TABLE "ar_internal_metadata" ("key" character varying NOT NULL PRIMARY KEY, "value" character varying, "created_at" timestamp NOT NULL, "updated_at" timestamp NOT NULL)[0m
  ↳ bin/rails:9
  [1m[35m (0.1ms)[0m  [1m[34mSELECT pg_try_advisory_lock(1636655250512708895)[0m
  ↳ bin/rails:9
  [1m[35m (0.6ms)[0m  [1m[34mSELECT "schema_migrations"."version" FROM "schema_migrations" ORDER BY "schema_migrations"."version" ASC[0m
  ↳ bin/rails:9
Migrating to CreateCats (20210226214840)
  [1m[35m (0.1ms)[0m  [1m[35mBEGIN[0m
  ↳ bin/rails:9
  [1m[35m (13.1ms)[0m  [1m[35mCREATE TABLE "cats" ("id" bigserial primary key, "birth_date" date NOT NULL, "color" character varying NOT NULL, "name" character varying NOT NULL, "sex" character varying(1) NOT NULL, "description" text NOT NULL, "created_at" timestamp NOT NULL, "updated_at" timestamp NOT NULL)[0m
  ↳ db/migrate/20210226214840_create_cats.rb:3
  [1m[36mActiveRecord::SchemaMigration Create (0.8ms)[0m  [1m[32mINSERT INTO "schema_migrations" ("version") VALUES ($1) RETURNING "version"[0m  [["version", "20210226214840"]]
  ↳ bin/rails:9
  [1m[35m (0.3ms)[0m  [1m[35mCOMMIT[0m
  ↳ bin/rails:9
  [1m[36mActiveRecord::InternalMetadata Load (1.4ms)[0m  [1m[34mSELECT  "ar_internal_metadata".* FROM "ar_internal_metadata" WHERE "ar_internal_metadata"."key" = $1 LIMIT $2[0m  [["key", "environment"], ["LIMIT", 1]]
  ↳ bin/rails:9
  [1m[35m (0.1ms)[0m  [1m[35mBEGIN[0m
  ↳ bin/rails:9
  [1m[36mActiveRecord::InternalMetadata Create (0.6ms)[0m  [1m[32mINSERT INTO "ar_internal_metadata" ("key", "value", "created_at", "updated_at") VALUES ($1, $2, $3, $4) RETURNING "key"[0m  [["key", "environment"], ["value", "development"], ["created_at", "2021-02-26 21:57:05.835224"], ["updated_at", "2021-02-26 21:57:05.835224"]]
  ↳ bin/rails:9
  [1m[35m (0.3ms)[0m  [1m[35mCOMMIT[0m
  ↳ bin/rails:9
  [1m[35m (0.2ms)[0m  [1m[34mSELECT pg_advisory_unlock(1636655250512708895)[0m
  ↳ bin/rails:9
  [1m[35m (0.9ms)[0m  [1m[34mSELECT "schema_migrations"."version" FROM "schema_migrations" ORDER BY "schema_migrations"."version" ASC[0m
  ↳ bin/rails:9
Started GET "/" for ::1 at 2021-02-26 15:38:45 -0800
  [1m[35m (1.0ms)[0m  [1m[34mSELECT "schema_migrations"."version" FROM "schema_migrations" ORDER BY "schema_migrations"."version" ASC[0m
  ↳ /home/khoa/.rbenv/versions/2.5.1/lib/ruby/gems/2.5.0/gems/activerecord-5.2.4.5/lib/active_record/log_subscriber.rb:98
Processing by Rails::WelcomeController#index as HTML
  Rendering /home/khoa/.rbenv/versions/2.5.1/lib/ruby/gems/2.5.0/gems/railties-5.2.4.5/lib/rails/templates/rails/welcome/index.html.erb
  Rendered /home/khoa/.rbenv/versions/2.5.1/lib/ruby/gems/2.5.0/gems/railties-5.2.4.5/lib/rails/templates/rails/welcome/index.html.erb (5.4ms)
Completed 200 OK in 25ms (Views: 17.2ms | ActiveRecord: 0.0ms)


Started GET "/cats" for ::1 at 2021-02-26 15:38:52 -0800

NoMethodError - undefined method `make_response!' for CatsController(Table doesn't exist):Class:

Started POST "/__better_errors/b5928d003e7af4e7/variables" for ::1 at 2021-02-26 15:38:52 -0800
Started GET "/cats/new" for ::1 at 2021-02-26 15:38:57 -0800

NoMethodError - undefined method `make_response!' for CatsController(Table doesn't exist):Class:

Started POST "/__better_errors/36bcc3e72f26f0a8/variables" for ::1 at 2021-02-26 15:38:57 -0800
Started GET "/" for ::1 at 2021-02-26 15:57:41 -0800
Processing by Rails::WelcomeController#index as HTML
  Rendering /home/khoa/.rbenv/versions/2.5.1/lib/ruby/gems/2.5.0/gems/railties-5.2.4.5/lib/rails/templates/rails/welcome/index.html.erb
  Rendered /home/khoa/.rbenv/versions/2.5.1/lib/ruby/gems/2.5.0/gems/railties-5.2.4.5/lib/rails/templates/rails/welcome/index.html.erb (1.8ms)
Completed 200 OK in 6ms (Views: 4.1ms | ActiveRecord: 0.0ms)


Started GET "/" for ::1 at 2021-02-26 16:06:42 -0800

PG::ConnectionBad - could not connect to server: No such file or directory
	Is the server running locally and accepting
	connections on Unix domain socket "/var/run/postgresql/.s.PGSQL.5432"?:

Started POST "/__better_errors/9b0da848c18c022a/variables" for ::1 at 2021-02-26 16:06:42 -0800
Started GET "/" for ::1 at 2021-02-26 16:07:38 -0800

PG::ConnectionBad - could not connect to server: No such file or directory
	Is the server running locally and accepting
	connections on Unix domain socket "/var/run/postgresql/.s.PGSQL.5432"?:

Started POST "/__better_errors/01a00f416f317c44/variables" for ::1 at 2021-02-26 16:07:38 -0800
Started GET "/" for ::1 at 2021-02-26 16:09:31 -0800

ActiveRecord::NoDatabaseError - FATAL:  database "cat_99_development" does not exist:

Started POST "/__better_errors/10e2f7b505797d78/variables" for ::1 at 2021-02-26 16:09:32 -0800
  [1m[35m (418.1ms)[0m  [1m[35mCREATE DATABASE "cat_99_development" ENCODING = 'unicode'[0m
  ↳ bin/rails:9
  [1m[35m (289.5ms)[0m  [1m[35mCREATE DATABASE "cat_99_test" ENCODING = 'unicode'[0m
  ↳ bin/rails:9
Started GET "/cats/new" for ::1 at 2021-02-26 16:10:00 -0800

ActiveRecord::PendingMigrationError - Migrations are pending. To resolve this issue, run:
        bin/rails db:migrate RAILS_ENV=development:

Started POST "/__better_errors/d515947c581d428d/variables" for ::1 at 2021-02-26 16:10:00 -0800
  [1m[35m (17.5ms)[0m  [1m[35mCREATE TABLE "schema_migrations" ("version" character varying NOT NULL PRIMARY KEY)[0m
  ↳ bin/rails:9
  [1m[35m (15.9ms)[0m  [1m[35mCREATE TABLE "ar_internal_metadata" ("key" character varying NOT NULL PRIMARY KEY, "value" character varying, "created_at" timestamp NOT NULL, "updated_at" timestamp NOT NULL)[0m
  ↳ bin/rails:9
  [1m[35m (0.2ms)[0m  [1m[34mSELECT pg_try_advisory_lock(1636655250512708895)[0m
  ↳ bin/rails:9
  [1m[35m (0.3ms)[0m  [1m[34mSELECT "schema_migrations"."version" FROM "schema_migrations" ORDER BY "schema_migrations"."version" ASC[0m
  ↳ bin/rails:9
Migrating to CreateCats (20210226214840)
  [1m[35m (0.1ms)[0m  [1m[35mBEGIN[0m
  ↳ bin/rails:9
  [1m[35m (13.4ms)[0m  [1m[35mCREATE TABLE "cats" ("id" bigserial primary key, "birth_date" date NOT NULL, "color" character varying NOT NULL, "name" character varying NOT NULL, "sex" character varying(1) NOT NULL, "description" text NOT NULL, "created_at" timestamp NOT NULL, "updated_at" timestamp NOT NULL)[0m
  ↳ db/migrate/20210226214840_create_cats.rb:3
  [1m[36mActiveRecord::SchemaMigration Create (1.6ms)[0m  [1m[32mINSERT INTO "schema_migrations" ("version") VALUES ($1) RETURNING "version"[0m  [["version", "20210226214840"]]
  ↳ bin/rails:9
  [1m[35m (6.1ms)[0m  [1m[35mCOMMIT[0m
  ↳ bin/rails:9
  [1m[36mActiveRecord::InternalMetadata Load (0.5ms)[0m  [1m[34mSELECT  "ar_internal_metadata".* FROM "ar_internal_metadata" WHERE "ar_internal_metadata"."key" = $1 LIMIT $2[0m  [["key", "environment"], ["LIMIT", 1]]
  ↳ bin/rails:9
  [1m[35m (0.2ms)[0m  [1m[35mBEGIN[0m
  ↳ bin/rails:9
  [1m[36mActiveRecord::InternalMetadata Create (0.4ms)[0m  [1m[32mINSERT INTO "ar_internal_metadata" ("key", "value", "created_at", "updated_at") VALUES ($1, $2, $3, $4) RETURNING "key"[0m  [["key", "environment"], ["value", "development"], ["created_at", "2021-02-27 00:10:13.592747"], ["updated_at", "2021-02-27 00:10:13.592747"]]
  ↳ bin/rails:9
  [1m[35m (2.9ms)[0m  [1m[35mCOMMIT[0m
  ↳ bin/rails:9
  [1m[35m (0.3ms)[0m  [1m[34mSELECT pg_advisory_unlock(1636655250512708895)[0m
  ↳ bin/rails:9
  [1m[35m (0.2ms)[0m  [1m[34mSELECT "schema_migrations"."version" FROM "schema_migrations" ORDER BY "schema_migrations"."version" ASC[0m
  ↳ bin/rails:9
Started GET "/cats/new" for ::1 at 2021-02-26 16:10:25 -0800
  [1m[35m (0.4ms)[0m  [1m[34mSELECT "schema_migrations"."version" FROM "schema_migrations" ORDER BY "schema_migrations"."version" ASC[0m
  ↳ /home/soulee92/.rbenv/versions/2.5.1/lib/ruby/gems/2.5.0/gems/activerecord-5.2.4.5/lib/active_record/log_subscriber.rb:98

NoMethodError - undefined method `make_response!' for CatsController(Table doesn't exist):Class:

Started POST "/__better_errors/e425b40a6bb2281f/variables" for ::1 at 2021-02-26 16:10:25 -0800
Started GET "/cats" for ::1 at 2021-02-26 16:10:37 -0800

NoMethodError - undefined method `make_response!' for CatsController(Table doesn't exist):Class:

Started POST "/__better_errors/ce488bf666b8546d/variables" for ::1 at 2021-02-26 16:10:37 -0800
Started GET "/cats" for ::1 at 2021-02-26 16:15:05 -0800

NoMethodError - undefined method `make_response!' for CatsController(Table doesn't exist):Class:

Started POST "/__better_errors/da8e09e9797b5c57/variables" for ::1 at 2021-02-26 16:15:06 -0800
Started POST "/__better_errors/da8e09e9797b5c57/variables" for ::1 at 2021-02-26 16:15:09 -0800
Started POST "/__better_errors/da8e09e9797b5c57/variables" for ::1 at 2021-02-26 16:15:10 -0800
Started GET "/" for ::1 at 2021-02-26 16:26:09 -0800
Processing by Rails::WelcomeController#index as HTML
  Rendering /home/soulee92/.rbenv/versions/2.5.1/lib/ruby/gems/2.5.0/gems/railties-5.2.4.5/lib/rails/templates/rails/welcome/index.html.erb
  Rendered /home/soulee92/.rbenv/versions/2.5.1/lib/ruby/gems/2.5.0/gems/railties-5.2.4.5/lib/rails/templates/rails/welcome/index.html.erb (2.7ms)
Completed 200 OK in 14ms (Views: 8.2ms | ActiveRecord: 0.0ms)


Started GET "/cats" for ::1 at 2021-02-26 16:26:50 -0800

NoMethodError - undefined method `make_response!' for CatsController(Table doesn't exist):Class:

Started POST "/__better_errors/46dd6ea9f935afc9/variables" for ::1 at 2021-02-26 16:26:50 -0800
Started GET "/cats" for ::1 at 2021-02-26 16:30:02 -0800

NoMethodError - undefined method `make_response!' for CatsController(Table doesn't exist):Class:

Started POST "/__better_errors/34005503871d8b0f/variables" for ::1 at 2021-02-26 16:30:02 -0800
Started GET "/cats/new" for ::1 at 2021-02-26 16:30:11 -0800

NoMethodError - undefined method `make_response!' for CatsController(Table doesn't exist):Class:

Started POST "/__better_errors/f98d8b1992b74cd1/variables" for ::1 at 2021-02-26 16:30:11 -0800
Started GET "/cats/new" for ::1 at 2021-02-26 16:30:22 -0800

NoMethodError - undefined method `make_response!' for CatsController(Table doesn't exist):Class:

Started POST "/__better_errors/7032ba42a1eee118/variables" for ::1 at 2021-02-26 16:30:22 -0800
Started GET "/cats/new" for ::1 at 2021-02-26 16:31:54 -0800

NoMethodError - undefined method `make_response!' for CatsController(Table doesn't exist):Class:

Started POST "/__better_errors/436da87f0ba3f075/variables" for ::1 at 2021-02-26 16:31:54 -0800
Started GET "/" for ::1 at 2021-02-26 16:39:32 -0800
Processing by Rails::WelcomeController#index as HTML
  Rendering /home/soulee92/.rbenv/versions/2.5.1/lib/ruby/gems/2.5.0/gems/railties-5.2.4.5/lib/rails/templates/rails/welcome/index.html.erb
  Rendered /home/soulee92/.rbenv/versions/2.5.1/lib/ruby/gems/2.5.0/gems/railties-5.2.4.5/lib/rails/templates/rails/welcome/index.html.erb (1.9ms)
Completed 200 OK in 7ms (Views: 6.1ms | ActiveRecord: 0.0ms)


Started GET "/cats" for ::1 at 2021-02-26 16:39:37 -0800

NoMethodError - undefined method `make_response!' for CatsController(Table doesn't exist):Class:

Started POST "/__better_errors/0fc562cf97496ccb/variables" for ::1 at 2021-02-26 16:39:37 -0800
Started GET "/cats" for ::1 at 2021-02-26 16:40:43 -0800

NoMethodError - undefined method `make_response!' for CatsController(Table doesn't exist):Class:

Started POST "/__better_errors/04f2b6255d93547b/variables" for ::1 at 2021-02-26 16:40:43 -0800
Started GET "/cats" for ::1 at 2021-02-26 16:41:40 -0800

NoMethodError - undefined method `make_response!' for CatsController(Table doesn't exist):Class:

Started POST "/__better_errors/da4e6e17e924c1ca/variables" for ::1 at 2021-02-26 16:41:40 -0800
Started GET "/cats" for ::1 at 2021-02-26 16:42:06 -0800

NoMethodError - undefined method `make_response!' for CatsController(Table doesn't exist):Class:

Started POST "/__better_errors/a3129f59853a2b7a/variables" for ::1 at 2021-02-26 16:42:07 -0800
Started GET "/cats" for ::1 at 2021-02-26 16:42:19 -0800
  [1m[35m (0.4ms)[0m  [1m[34mSELECT "schema_migrations"."version" FROM "schema_migrations" ORDER BY "schema_migrations"."version" ASC[0m
  ↳ /home/soulee92/.rbenv/versions/2.5.1/lib/ruby/gems/2.5.0/gems/activerecord-5.2.4.5/lib/active_record/log_subscriber.rb:98
Processing by CatsController#index as HTML
  Rendering cats/index.html.erb within layouts/application
  Rendered cats/index.html.erb within layouts/application (0.7ms)
Completed 200 OK in 2988ms (Views: 2894.6ms | ActiveRecord: 0.0ms)


Started GET "/cats" for ::1 at 2021-02-26 16:43:13 -0800
Processing by CatsController#index as HTML
  Rendering cats/index.html.erb within layouts/application
  [1m[36mCat Load (0.6ms)[0m  [1m[34mSELECT "cats".* FROM "cats"[0m
  ↳ app/views/cats/index.html.erb:4
  Rendered cats/index.html.erb within layouts/application (4.9ms)
Completed 200 OK in 484ms (Views: 481.4ms | ActiveRecord: 1.7ms)


Started GET "/cats" for ::1 at 2021-02-26 16:43:15 -0800
Processing by CatsController#index as HTML
  Rendering cats/index.html.erb within layouts/application
  [1m[36mCat Load (0.4ms)[0m  [1m[34mSELECT "cats".* FROM "cats"[0m
  ↳ app/views/cats/index.html.erb:4
  Rendered cats/index.html.erb within layouts/application (1.9ms)
Completed 200 OK in 476ms (Views: 475.4ms | ActiveRecord: 0.4ms)


Started GET "/cats/new" for ::1 at 2021-02-26 16:43:43 -0800
Processing by CatsController#new as HTML
  Rendering cats/new.html.erb within layouts/application
  Rendered cats/new.html.erb within layouts/application (393.6ms)
Completed 500 Internal Server Error in 629ms (ActiveRecord: 1.7ms)



NameError - undefined local variable or method `cat' for #<#<Class:0x0000562a88bc24c0>:0x00007f34d015ceb0>
Did you mean?  catch:
  app/views/cats/new.html.erb:4:in `_app_views_cats_new_html_erb__781384065194948008_69932313639600'
  app/controllers/cats_controller.rb:17:in `new'

Started POST "/__better_errors/056a90d72b732651/variables" for ::1 at 2021-02-26 16:43:44 -0800
Started POST "/__better_errors/056a90d72b732651/variables" for ::1 at 2021-02-26 16:43:49 -0800
Started GET "/cats/new" for ::1 at 2021-02-26 16:46:07 -0800
Processing by CatsController#new as HTML
  Rendering cats/new.html.erb within layouts/application
  Rendered cats/new.html.erb within layouts/application (0.5ms)
Completed 200 OK in 483ms (Views: 482.2ms | ActiveRecord: 0.0ms)


Started GET "/cats/new" for ::1 at 2021-02-26 16:46:44 -0800
Processing by CatsController#new as HTML
  Rendering cats/new.html.erb within layouts/application
  Rendered cats/new.html.erb within layouts/application (1.6ms)
Completed 200 OK in 493ms (Views: 492.3ms | ActiveRecord: 0.0ms)


Started GET "/cats/new" for ::1 at 2021-02-26 16:46:54 -0800
Processing by CatsController#new as HTML
  Rendering cats/new.html.erb within layouts/application
  Rendered cats/new.html.erb within layouts/application (0.9ms)
Completed 200 OK in 501ms (Views: 500.5ms | ActiveRecord: 0.0ms)


Started GET "/cats/new" for ::1 at 2021-02-26 16:47:08 -0800
Processing by CatsController#new as HTML
  Rendering cats/new.html.erb within layouts/application
  Rendered cats/new.html.erb within layouts/application (0.6ms)
Completed 200 OK in 461ms (Views: 460.8ms | ActiveRecord: 0.0ms)


Started POST "/cats/new_cat_url" for ::1 at 2021-02-26 16:47:52 -0800
  
ActionController::RoutingError (No route matches [POST] "/cats/new_cat_url"):
  
actionpack (5.2.4.5) lib/action_dispatch/middleware/debug_exceptions.rb:65:in `call'
web-console (3.7.0) lib/web_console/middleware.rb:135:in `call_app'
web-console (3.7.0) lib/web_console/middleware.rb:30:in `block in call'
web-console (3.7.0) lib/web_console/middleware.rb:20:in `catch'
web-console (3.7.0) lib/web_console/middleware.rb:20:in `call'
actionpack (5.2.4.5) lib/action_dispatch/middleware/show_exceptions.rb:33:in `call'
railties (5.2.4.5) lib/rails/rack/logger.rb:38:in `call_app'
railties (5.2.4.5) lib/rails/rack/logger.rb:26:in `block in call'
activesupport (5.2.4.5) lib/active_support/tagged_logging.rb:71:in `block in tagged'
activesupport (5.2.4.5) lib/active_support/tagged_logging.rb:28:in `tagged'
activesupport (5.2.4.5) lib/active_support/tagged_logging.rb:71:in `tagged'
railties (5.2.4.5) lib/rails/rack/logger.rb:26:in `call'
sprockets-rails (3.2.2) lib/sprockets/rails/quiet_assets.rb:13:in `call'
actionpack (5.2.4.5) lib/action_dispatch/middleware/remote_ip.rb:81:in `call'
actionpack (5.2.4.5) lib/action_dispatch/middleware/request_id.rb:27:in `call'
rack (2.2.3) lib/rack/method_override.rb:24:in `call'
rack (2.2.3) lib/rack/runtime.rb:22:in `call'
activesupport (5.2.4.5) lib/active_support/cache/strategy/local_cache_middleware.rb:29:in `call'
actionpack (5.2.4.5) lib/action_dispatch/middleware/executor.rb:14:in `call'
actionpack (5.2.4.5) lib/action_dispatch/middleware/static.rb:127:in `call'
rack (2.2.3) lib/rack/sendfile.rb:110:in `call'
railties (5.2.4.5) lib/rails/engine.rb:524:in `call'
puma (3.12.6) lib/puma/configuration.rb:227:in `call'
puma (3.12.6) lib/puma/server.rb:706:in `handle_request'
puma (3.12.6) lib/puma/server.rb:476:in `process_client'
puma (3.12.6) lib/puma/server.rb:334:in `block in run'
puma (3.12.6) lib/puma/thread_pool.rb:135:in `block in spawn_thread'
Started GET "/cats" for ::1 at 2021-02-26 16:51:22 -0800
Processing by CatsController#index as HTML
  Rendering cats/index.html.erb within layouts/application
  [1m[36mCat Load (0.6ms)[0m  [1m[34mSELECT "cats".* FROM "cats"[0m
  ↳ app/views/cats/index.html.erb:4
  Rendered cats/index.html.erb within layouts/application (3.3ms)
Completed 200 OK in 510ms (Views: 508.4ms | ActiveRecord: 0.6ms)


Started GET "/cats/new" for ::1 at 2021-02-26 16:51:26 -0800
Processing by CatsController#new as HTML
  Rendering cats/new.html.erb within layouts/application
  Rendered cats/new.html.erb within layouts/application (0.3ms)
Completed 200 OK in 453ms (Views: 452.6ms | ActiveRecord: 0.0ms)


Started POST "/cats/cats_url" for ::1 at 2021-02-26 16:51:36 -0800
  
ActionController::RoutingError (No route matches [POST] "/cats/cats_url"):
  
actionpack (5.2.4.5) lib/action_dispatch/middleware/debug_exceptions.rb:65:in `call'
web-console (3.7.0) lib/web_console/middleware.rb:135:in `call_app'
web-console (3.7.0) lib/web_console/middleware.rb:30:in `block in call'
web-console (3.7.0) lib/web_console/middleware.rb:20:in `catch'
web-console (3.7.0) lib/web_console/middleware.rb:20:in `call'
actionpack (5.2.4.5) lib/action_dispatch/middleware/show_exceptions.rb:33:in `call'
railties (5.2.4.5) lib/rails/rack/logger.rb:38:in `call_app'
railties (5.2.4.5) lib/rails/rack/logger.rb:26:in `block in call'
activesupport (5.2.4.5) lib/active_support/tagged_logging.rb:71:in `block in tagged'
activesupport (5.2.4.5) lib/active_support/tagged_logging.rb:28:in `tagged'
activesupport (5.2.4.5) lib/active_support/tagged_logging.rb:71:in `tagged'
railties (5.2.4.5) lib/rails/rack/logger.rb:26:in `call'
sprockets-rails (3.2.2) lib/sprockets/rails/quiet_assets.rb:13:in `call'
actionpack (5.2.4.5) lib/action_dispatch/middleware/remote_ip.rb:81:in `call'
actionpack (5.2.4.5) lib/action_dispatch/middleware/request_id.rb:27:in `call'
rack (2.2.3) lib/rack/method_override.rb:24:in `call'
rack (2.2.3) lib/rack/runtime.rb:22:in `call'
activesupport (5.2.4.5) lib/active_support/cache/strategy/local_cache_middleware.rb:29:in `call'
actionpack (5.2.4.5) lib/action_dispatch/middleware/executor.rb:14:in `call'
actionpack (5.2.4.5) lib/action_dispatch/middleware/static.rb:127:in `call'
rack (2.2.3) lib/rack/sendfile.rb:110:in `call'
railties (5.2.4.5) lib/rails/engine.rb:524:in `call'
puma (3.12.6) lib/puma/configuration.rb:227:in `call'
puma (3.12.6) lib/puma/server.rb:706:in `handle_request'
puma (3.12.6) lib/puma/server.rb:476:in `process_client'
puma (3.12.6) lib/puma/server.rb:334:in `block in run'
puma (3.12.6) lib/puma/thread_pool.rb:135:in `block in spawn_thread'
Started GET "/cats/new" for ::1 at 2021-02-26 16:54:53 -0800
Processing by CatsController#new as HTML
  Rendering cats/new.html.erb within layouts/application
  Rendered cats/new.html.erb within layouts/application (0.7ms)
Completed 200 OK in 529ms (Views: 431.0ms | ActiveRecord: 3.5ms)


Started POST "/cats/new" for ::1 at 2021-02-26 16:55:02 -0800
  
ActionController::RoutingError (No route matches [POST] "/cats/new"):
  
actionpack (5.2.4.5) lib/action_dispatch/middleware/debug_exceptions.rb:65:in `call'
web-console (3.7.0) lib/web_console/middleware.rb:135:in `call_app'
web-console (3.7.0) lib/web_console/middleware.rb:30:in `block in call'
web-console (3.7.0) lib/web_console/middleware.rb:20:in `catch'
web-console (3.7.0) lib/web_console/middleware.rb:20:in `call'
actionpack (5.2.4.5) lib/action_dispatch/middleware/show_exceptions.rb:33:in `call'
railties (5.2.4.5) lib/rails/rack/logger.rb:38:in `call_app'
railties (5.2.4.5) lib/rails/rack/logger.rb:26:in `block in call'
activesupport (5.2.4.5) lib/active_support/tagged_logging.rb:71:in `block in tagged'
activesupport (5.2.4.5) lib/active_support/tagged_logging.rb:28:in `tagged'
activesupport (5.2.4.5) lib/active_support/tagged_logging.rb:71:in `tagged'
railties (5.2.4.5) lib/rails/rack/logger.rb:26:in `call'
sprockets-rails (3.2.2) lib/sprockets/rails/quiet_assets.rb:13:in `call'
actionpack (5.2.4.5) lib/action_dispatch/middleware/remote_ip.rb:81:in `call'
actionpack (5.2.4.5) lib/action_dispatch/middleware/request_id.rb:27:in `call'
rack (2.2.3) lib/rack/method_override.rb:24:in `call'
rack (2.2.3) lib/rack/runtime.rb:22:in `call'
activesupport (5.2.4.5) lib/active_support/cache/strategy/local_cache_middleware.rb:29:in `call'
actionpack (5.2.4.5) lib/action_dispatch/middleware/executor.rb:14:in `call'
actionpack (5.2.4.5) lib/action_dispatch/middleware/static.rb:127:in `call'
rack (2.2.3) lib/rack/sendfile.rb:110:in `call'
railties (5.2.4.5) lib/rails/engine.rb:524:in `call'
puma (3.12.6) lib/puma/configuration.rb:227:in `call'
puma (3.12.6) lib/puma/server.rb:706:in `handle_request'
puma (3.12.6) lib/puma/server.rb:476:in `process_client'
puma (3.12.6) lib/puma/server.rb:334:in `block in run'
puma (3.12.6) lib/puma/thread_pool.rb:135:in `block in spawn_thread'
